{"message":"POST /api/v1/on-covid-19/json 200 3.0634029999999997ms","level":"info","timestamp":"2020-04-13T18:29:42.623Z"}
{"message":"POST /api/v1/on-covid-19 500 26.980466999999997ms","level":"info","timestamp":"2020-04-13T20:22:34.684Z"}
{"message":"POST /api/v1/on-covid-19 500 15.167608ms","level":"info","timestamp":"2020-04-13T20:26:43.538Z"}
{"message":"POST /api/v1/on-covid-19 500 3.8075759999999996ms","level":"info","timestamp":"2020-04-13T20:26:45.399Z"}
{"message":"POST /api/v1/on-covid-19 500 1.0905099999999999ms","level":"info","timestamp":"2020-04-13T20:26:46.554Z"}
{"message":"POST /api/v1/on-covid-19 200 18.380046ms","level":"info","timestamp":"2020-04-13T20:29:35.409Z"}
{"message":"GET /api/v1/on-covid-19/json 500 12.334904ms","level":"info","timestamp":"2020-04-13T20:34:04.354Z"}
{"message":"POST /api/v1/on-covid-19 200 15.619449ms","level":"info","timestamp":"2020-04-13T20:35:43.925Z"}
{"message":"POST /api/v1/on-covid-19 200 0.894407ms","level":"info","timestamp":"2020-04-13T20:36:17.743Z"}
{"message":"POST /api/v1/on-covid-19 200 0.488017ms","level":"info","timestamp":"2020-04-13T20:36:37.298Z"}
{"message":"GET /api/v1/on-covid-19/json 500 24.307862999999998ms","level":"info","timestamp":"2020-04-13T20:38:03.021Z"}
{"message":"POST /api/v1/on-covid-19/json 500 17.650617ms","level":"info","timestamp":"2020-04-13T20:55:06.203Z"}
{"message":"POST /api/v1/on-covid-19/json 500 1.4344139999999999ms","level":"info","timestamp":"2020-04-13T20:55:08.686Z"}
{"message":"POST /api/v1/on-covid-19/json 500 1.6837339999999998ms","level":"info","timestamp":"2020-04-13T20:55:12.866Z"}
{"message":"POST /api/v1/on-covid-19/xml 500 1.858973ms","level":"info","timestamp":"2020-04-13T20:55:29.996Z"}
{"message":"POST /api/v1/on-covid-19/xml 500 16.380043ms","level":"info","timestamp":"2020-04-13T20:58:50.443Z"}
{"message":"POST /api/v1/on-covid-19/ 500 28.160086999999997ms","level":"info","timestamp":"2020-04-13T21:08:28.287Z"}
{"message":"POST /api/v1/on-covid-19/ 404 22.035559ms","level":"info","timestamp":"2020-04-13T21:14:46.162Z"}
{"message":"POST /api/v1/on-covid-19/ 500 22.381943ms","level":"info","timestamp":"2020-04-13T21:16:22.688Z"}
{"message":"POST /api/v1/on-covid-19/ 200 16.22092ms","level":"info","timestamp":"2020-04-13T21:21:21.985Z"}
{"message":"POST /api/v1/on-covid-19/json 200 1.430923ms","level":"info","timestamp":"2020-04-13T21:21:32.832Z"}
{"message":"POST /api/v1/on-covid-19/xml 200 2.781948ms","level":"info","timestamp":"2020-04-13T21:21:38.294Z"}
{"message":"GET /api/v1/on-covid-19/logs 200 2336.524786ms","level":"info","timestamp":"2020-04-13T21:22:03.306Z"}
{"message":"GET /api/v1/on-covid-19/logs 200 2233.503286ms","level":"info","timestamp":"2020-04-13T21:22:51.159Z"}
{"message":"GET /api/v1/on-covid-19/logs 200 1934.312555ms","level":"info","timestamp":"2020-04-13T21:24:02.002Z"}
{"message":"GET /api/v1/on-covid-19/logs 200 1687.020688ms","level":"info","timestamp":"2020-04-13T21:30:31.899Z"}
{"message":"GET /api/v1/on-covid-19/logs 200 3075.73165ms","level":"info","timestamp":"2020-04-13T21:32:33.096Z"}
{"message":"GET /api/v1/on-covid-19/logs 200 2170.509766ms","level":"info","timestamp":"2020-04-13T21:37:55.235Z"}
{"message":"GET /api/v1/on-covid-19/logs 200 1940.6636939999999ms","level":"info","timestamp":"2020-04-13T21:40:02.764Z"}
{"message":"GET /api/v1/on-covid-19/logs 200 2276.581845ms","level":"info","timestamp":"2020-04-13T21:41:11.708Z"}
{"message":"GET /api/v1/on-covid-19/logs 200 2228.4744689999998ms","level":"info","timestamp":"2020-04-13T21:45:48.117Z"}
{"message":"GET /api/v1/on-covid-19/logs 200 1931.421726ms","level":"info","timestamp":"2020-04-13T21:46:58.894Z"}
{"message":"GET /api/v1/on-covid-19/logs 200 1871.025598ms","level":"info","timestamp":"2020-04-13T21:48:07.637Z"}
{"message":"GET /api/v1/on-covid-19/logs 200 2178.486286ms","level":"info","timestamp":"2020-04-13T21:50:12.274Z"}
{"message":"GET /api/v1/on-covid-19/logs 200 1881.931429ms","level":"info","timestamp":"2020-04-13T21:52:16.660Z"}
{"message":"GET /api/v1/on-covid-19/logs 200 1650.3885460000001ms","level":"info","timestamp":"2020-04-13T21:54:40.386Z"}
{"message":"GET /api/v1/on-covid-19/logs 200 1928.5202829999998ms","level":"info","timestamp":"2020-04-13T21:55:06.472Z"}
{"message":"GET /api/v1/on-covid-19/logs 200 1753.588781ms","level":"info","timestamp":"2020-04-13T21:58:13.611Z"}
{"message":"GET /api/v1/on-covid-19/logs 200 1869.206248ms","level":"info","timestamp":"2020-04-13T21:59:04.508Z"}
{"message":"GET /api/v1/on-covid-19/logs 200 2040.1253609999999ms","level":"info","timestamp":"2020-04-13T22:00:21.644Z"}
{"message":"GET /api/v1/on-covid-19/logs 200 1707.186987ms","level":"info","timestamp":"2020-04-13T22:05:45.228Z"}
{"message":"GET /api/v1/on-covid-19/logs 200 1718.065447ms","level":"info","timestamp":"2020-04-13T22:09:09.183Z"}
{"message":"GET /api/v1/on-covid-19/logs 200 2192.521072ms","level":"info","timestamp":"2020-04-13T22:10:57.016Z"}
{"message":"POST /api/v1/on-covid-19/xml 200 17.58125ms","level":"info","timestamp":"2020-04-13T22:37:30.489Z"}
{"message":"POST /api/v1/on-covid-19 200 19.271383999999998ms","level":"info","timestamp":"2020-04-13T23:02:38.134Z"}
{"message":"POST /api/v1/on-covid-19 200 15.101742999999999ms","level":"info"}
{"message":"POST /api/v1/on-covid-19 200 16.553973ms","level":"info"}
{"message":"POST /api/v1/on-covid-19/xml 200 1.808117ms","level":"info"}
{"message":"GET /api/v1/on-covid-19/logs 200 3.453798ms","level":"info"}
{"message":"GET /api/v1/on-covid-19/logs 200 2244.732767ms","level":"info"}
{"message":"GET /api/v1/on-covid-19/logs 200 19.867158999999997ms","level":"info"}
{"message":"GET /api/v1/on-covid-19/logs 200 22.155746ms","level":"info"}
{"message":"GET /api/v1/on-covid-19/logs 200 6.632479999999999ms","level":"info","timestamp":"2020-04-14T00:27:12.233Z"}
{"message":"GET /api/v1/on-covid-19/logs 200 0.912565ms","level":"info","timestamp":"2020-04-14T00:27:17.241Z"}
{"message":"GET /api/v1/on-covid-19/logs 200 2221.499671ms","level":"info","timestamp":"2020-04-14T00:51:11.752Z"}
{"message":"GET /api/v1/on-covid-19/logs 200 1884.6631069999999ms","level":"info","timestamp":"2020-04-14T00:53:50.959Z"}
{"message":"GET /api/v1/on-covid-19/logs 200 2014.519243ms","level":"info","timestamp":"2020-04-14T00:55:29.040Z"}
{"message":"GET /api/v1/on-covid-19/logs 200 2152.3817090000002ms","level":"info","timestamp":"2020-04-14T00:56:42.475Z"}
{"message":"GET /api/v1/on-covid-19/logs 200 2004.078099ms","level":"info","timestamp":"2020-04-14T00:58:25.200Z"}
{"message":"POST /api/v1/on-covid-19/xml 200 13.926563999999999ms","level":"info","timestamp":"2020-04-14T01:08:12.385Z"}
{"message":"POST /api/v1/on-covid-19/xml 200 12.644734ms","level":"info","timestamp":"2020-04-14T01:09:42.096Z"}
